<?xml version="1.0" encoding="UTF-8"?>
<testsuite xmlns:xsi="http://www.w3.org/2001/XMLSchema-instance" xsi:noNamespaceSchemaLocation="https://maven.apache.org/surefire/maven-surefire-plugin/xsd/surefire-test-report-3.0.xsd" version="3.0" name="com.vifinancenews.tests.TestUserService" time="10.724" tests="5" errors="0" skipped="0" failures="0">
  <properties>
[...]
</properties>
  <testcase name="testRetrieveAccounts" classname="com.vifinancenews.tests.TestUserService" time="1.758">
    <system-out><![CDATA[
=== No Accounts Found in Database ===
]]></system-out>
  </testcase>
  <testcase name="testRegisterUser" classname="com.vifinancenews.tests.TestUserService" time="1.611">
    <system-out><![CDATA[
=== Checking if test user already exists ===
No existing test user found.

=== Attempting to register user ===
User registered successfully!
]]></system-out>
  </testcase>
  <testcase name="testLoginWithOTPFlow" classname="com.vifinancenews.tests.TestUserService" time="5.49">
    <system-out><![CDATA[
=== Step 1: Initiating Login with Password ===
OTP email sent to: bachduc.june@gmail.com
OTP has been sent to bachduc.june@gmail.com
Password verified, OTP sent.
Retrieved OTP from Redis: 468551

=== Step 2: Verifying OTP ===
Login successful!
Login successful with correct OTP!

=== Step 3: Testing incorrect OTP ===
Invalid or expired OTP.
Login failed as expected with incorrect OTP.
]]></system-out>
  </testcase>
  <testcase name="testDeleteUser" classname="com.vifinancenews.tests.TestUserService" time="1.466"/>
  <testcase name="testRetrieveIdentifiers" classname="com.vifinancenews.tests.TestUserService" time="0.347">
    <system-out><![CDATA[
=== No Identifiers Found in Database ===
]]></system-out>
  </testcase>
</testsuite>